<?xml version="1.0" encoding="UTF-8"?>
<!-- Generated by org.testng.reporters.JUnitReportReporter -->
<testsuite hostname="LAPTOP-MC7Q49HB" failures="0" tests="1" name="com.vtiger.Organization.CreateOrganizationTest" time="0.001" errors="0" timestamp="20 May 2022 07:35:45 GMT" skipped="1">
  <testcase classname="com.vtiger.Organization.CreateOrganizationTest" name="createOrganizationTest" time="0.001">
    <skipped/>
  </testcase> <!-- createOrganizationTest -->
</testsuite> <!-- com.vtiger.Organization.CreateOrganizationTest -->
