<?xml version="1.0" encoding="UTF-8"?>
<!-- Generated by org.testng.reporters.JUnitReportReporter -->
<testsuite hostname="LAPTOP-MC7Q49HB" failures="0" tests="1" name="com.practiceTest.MakeMyTripFromTodataadded" time="0.000" errors="0" timestamp="11 Jul 2022 08:11:55 GMT" skipped="1">
  <testcase classname="com.practiceTest.MakeMyTripFromTodataadded" name="method" time="0.000">
    <skipped/>
  </testcase> <!-- method -->
</testsuite> <!-- com.practiceTest.MakeMyTripFromTodataadded -->
