<?xml version="1.0" encoding="UTF-8"?>
<!-- Generated by org.testng.reporters.JUnitReportReporter -->
<testsuite hostname="LAPTOP-MC7Q49HB" failures="0" tests="1" name="com.practiceTest.GridPractice" time="47.063" errors="0" timestamp="7 Jun 2022 10:44:49 GMT" skipped="0">
  <testcase classname="com.practiceTest.GridPractice" name="GridPractice" time="47.063"/>
</testsuite> <!-- com.practiceTest.GridPractice -->
