<?xml version="1.0" encoding="UTF-8"?>
<!-- Generated by org.testng.reporters.JUnitReportReporter -->
<testsuite hostname="LAPTOP-MC7Q49HB" failures="0" tests="21" name="com.practiceTest.GetArrayMultipledataRuninTestNgTest" time="0.073" errors="0" timestamp="17 May 2022 12:05:29 GMT" skipped="0">
  <testcase classname="com.practiceTest.GetArrayMultipledataRuninTestNgTest" name="practiceTNGTest" time="0.010"/>
  <testcase classname="com.practiceTest.GetArrayMultipledataRuninTestNgTest" name="practiceTNGTest" time="0.004"/>
  <testcase classname="com.practiceTest.GetArrayMultipledataRuninTestNgTest" name="practiceTNGTest" time="0.003"/>
  <testcase classname="com.practiceTest.GetArrayMultipledataRuninTestNgTest" name="practiceTNGTest" time="0.006"/>
  <testcase classname="com.practiceTest.GetArrayMultipledataRuninTestNgTest" name="practiceTNGTest" time="0.002"/>
  <testcase classname="com.practiceTest.GetArrayMultipledataRuninTestNgTest" name="practiceTNGTest" time="0.002"/>
  <testcase classname="com.practiceTest.GetArrayMultipledataRuninTestNgTest" name="practiceTNGTest" time="0.004"/>
  <testcase classname="com.practiceTest.GetArrayMultipledataRuninTestNgTest" name="practiceTNGTest" time="0.003"/>
  <testcase classname="com.practiceTest.GetArrayMultipledataRuninTestNgTest" name="practiceTNGTest" time="0.004"/>
  <testcase classname="com.practiceTest.GetArrayMultipledataRuninTestNgTest" name="practiceTNGTest" time="0.002"/>
  <testcase classname="com.practiceTest.GetArrayMultipledataRuninTestNgTest" name="practiceTNGTest" time="0.004"/>
  <testcase classname="com.practiceTest.GetArrayMultipledataRuninTestNgTest" name="practiceTNGTest" time="0.003"/>
  <testcase classname="com.practiceTest.GetArrayMultipledataRuninTestNgTest" name="practiceTNGTest" time="0.006"/>
  <testcase classname="com.practiceTest.GetArrayMultipledataRuninTestNgTest" name="practiceTNGTest" time="0.003"/>
  <testcase classname="com.practiceTest.GetArrayMultipledataRuninTestNgTest" name="practiceTNGTest" time="0.001"/>
  <testcase classname="com.practiceTest.GetArrayMultipledataRuninTestNgTest" name="practiceTNGTest" time="0.001"/>
  <testcase classname="com.practiceTest.GetArrayMultipledataRuninTestNgTest" name="practiceTNGTest" time="0.003"/>
  <testcase classname="com.practiceTest.GetArrayMultipledataRuninTestNgTest" name="practiceTNGTest" time="0.003"/>
  <testcase classname="com.practiceTest.GetArrayMultipledataRuninTestNgTest" name="practiceTNGTest" time="0.002"/>
  <testcase classname="com.practiceTest.GetArrayMultipledataRuninTestNgTest" name="practiceTNGTest" time="0.006"/>
  <testcase classname="com.practiceTest.GetArrayMultipledataRuninTestNgTest" name="practiceTNGTest" time="0.001"/>
</testsuite> <!-- com.practiceTest.GetArrayMultipledataRuninTestNgTest -->
